The system is: Linux - 4.12.4-1-ARCH - x86_64
Compiling the C compiler identification source file "CMakeCCompilerId.c" succeeded.
Compiler: /usr/bin/cc 
Build flags: 
Id flags:  

The output was:
0


Compilation of the C compiler identification source "CMakeCCompilerId.c" produced "a.out"

The C compiler identification is GNU, found in "/home/tristan/RUPA/build/CMakeFiles/3.8.2/CompilerIdC/a.out"

Compiling the CXX compiler identification source file "CMakeCXXCompilerId.cpp" succeeded.
Compiler: /usr/bin/c++ 
Build flags: 
Id flags:  

The output was:
0


Compilation of the CXX compiler identification source "CMakeCXXCompilerId.cpp" produced "a.out"

The CXX compiler identification is GNU, found in "/home/tristan/RUPA/build/CMakeFiles/3.8.2/CompilerIdCXX/a.out"

Determining if the C compiler works passed with the following output:
Change Dir: /home/tristan/RUPA/build/CMakeFiles/CMakeTmp

Run Build Command:"/usr/bin/make" "cmTC_02947/fast"
/usr/bin/make -f CMakeFiles/cmTC_02947.dir/build.make CMakeFiles/cmTC_02947.dir/build
make[1]: Entering directory '/home/tristan/RUPA/build/CMakeFiles/CMakeTmp'
Building C object CMakeFiles/cmTC_02947.dir/testCCompiler.c.o
/usr/bin/cc    -o CMakeFiles/cmTC_02947.dir/testCCompiler.c.o   -c /home/tristan/RUPA/build/CMakeFiles/CMakeTmp/testCCompiler.c
Linking C executable cmTC_02947
/usr/bin/cmake -E cmake_link_script CMakeFiles/cmTC_02947.dir/link.txt --verbose=1
/usr/bin/cc      -rdynamic CMakeFiles/cmTC_02947.dir/testCCompiler.c.o  -o cmTC_02947 
make[1]: Leaving directory '/home/tristan/RUPA/build/CMakeFiles/CMakeTmp'


Detecting C compiler ABI info compiled with the following output:
Change Dir: /home/tristan/RUPA/build/CMakeFiles/CMakeTmp

Run Build Command:"/usr/bin/make" "cmTC_d99b8/fast"
/usr/bin/make -f CMakeFiles/cmTC_d99b8.dir/build.make CMakeFiles/cmTC_d99b8.dir/build
make[1]: Entering directory '/home/tristan/RUPA/build/CMakeFiles/CMakeTmp'
Building C object CMakeFiles/cmTC_d99b8.dir/CMakeCCompilerABI.c.o
/usr/bin/cc    -o CMakeFiles/cmTC_d99b8.dir/CMakeCCompilerABI.c.o   -c /usr/share/cmake-3.8/Modules/CMakeCCompilerABI.c
Linking C executable cmTC_d99b8
/usr/bin/cmake -E cmake_link_script CMakeFiles/cmTC_d99b8.dir/link.txt --verbose=1
/usr/bin/cc     -v -rdynamic CMakeFiles/cmTC_d99b8.dir/CMakeCCompilerABI.c.o  -o cmTC_d99b8 
Using built-in specs.
COLLECT_GCC=/usr/bin/cc
COLLECT_LTO_WRAPPER=/usr/lib/gcc/x86_64-pc-linux-gnu/7.1.1/lto-wrapper
Target: x86_64-pc-linux-gnu
Configured with: /build/gcc-multilib/src/gcc/configure --prefix=/usr --libdir=/usr/lib --libexecdir=/usr/lib --mandir=/usr/share/man --infodir=/usr/share/info --with-bugurl=https://bugs.archlinux.org/ --enable-languages=c,c++,ada,fortran,go,lto,objc,obj-c++ --enable-shared --enable-threads=posix --enable-libmpx --with-system-zlib --with-isl --enable-__cxa_atexit --disable-libunwind-exceptions --enable-clocale=gnu --disable-libstdcxx-pch --disable-libssp --enable-gnu-unique-object --enable-linker-build-id --enable-lto --enable-plugin --enable-install-libiberty --with-linker-hash-style=gnu --enable-gnu-indirect-function --enable-multilib --disable-werror --enable-checking=release --enable-default-pie --enable-default-ssp
Thread model: posix
gcc version 7.1.1 20170630 (GCC) 
COMPILER_PATH=/usr/lib/gcc/x86_64-pc-linux-gnu/7.1.1/:/usr/lib/gcc/x86_64-pc-linux-gnu/7.1.1/:/usr/lib/gcc/x86_64-pc-linux-gnu/:/usr/lib/gcc/x86_64-pc-linux-gnu/7.1.1/:/usr/lib/gcc/x86_64-pc-linux-gnu/
LIBRARY_PATH=/usr/lib/gcc/x86_64-pc-linux-gnu/7.1.1/:/usr/lib/gcc/x86_64-pc-linux-gnu/7.1.1/../../../../lib/:/lib/../lib/:/usr/lib/../lib/:/usr/lib/gcc/x86_64-pc-linux-gnu/7.1.1/../../../:/lib/:/usr/lib/
COLLECT_GCC_OPTIONS='-v' '-rdynamic' '-o' 'cmTC_d99b8' '-mtune=generic' '-march=x86-64'
 /usr/lib/gcc/x86_64-pc-linux-gnu/7.1.1/collect2 -plugin /usr/lib/gcc/x86_64-pc-linux-gnu/7.1.1/liblto_plugin.so -plugin-opt=/usr/lib/gcc/x86_64-pc-linux-gnu/7.1.1/lto-wrapper -plugin-opt=-fresolution=/tmp/ccJL5AGI.res -plugin-opt=-pass-through=-lgcc -plugin-opt=-pass-through=-lgcc_s -plugin-opt=-pass-through=-lc -plugin-opt=-pass-through=-lgcc -plugin-opt=-pass-through=-lgcc_s --build-id --eh-frame-hdr --hash-style=gnu -m elf_x86_64 -export-dynamic -dynamic-linker /lib64/ld-linux-x86-64.so.2 -pie -o cmTC_d99b8 /usr/lib/gcc/x86_64-pc-linux-gnu/7.1.1/../../../../lib/Scrt1.o /usr/lib/gcc/x86_64-pc-linux-gnu/7.1.1/../../../../lib/crti.o /usr/lib/gcc/x86_64-pc-linux-gnu/7.1.1/crtbeginS.o -L/usr/lib/gcc/x86_64-pc-linux-gnu/7.1.1 -L/usr/lib/gcc/x86_64-pc-linux-gnu/7.1.1/../../../../lib -L/lib/../lib -L/usr/lib/../lib -L/usr/lib/gcc/x86_64-pc-linux-gnu/7.1.1/../../.. CMakeFiles/cmTC_d99b8.dir/CMakeCCompilerABI.c.o -lgcc --as-needed -lgcc_s --no-as-needed -lc -lgcc --as-needed -lgcc_s --no-as-needed /usr/lib/gcc/x86_64-pc-linux-gnu/7.1.1/crtendS.o /usr/lib/gcc/x86_64-pc-linux-gnu/7.1.1/../../../../lib/crtn.o
COLLECT_GCC_OPTIONS='-v' '-rdynamic' '-o' 'cmTC_d99b8' '-mtune=generic' '-march=x86-64'
make[1]: Leaving directory '/home/tristan/RUPA/build/CMakeFiles/CMakeTmp'


Parsed C implicit link information from above output:
  link line regex: [^( *|.*[/\])(ld|([^/\]+-)?ld|collect2)[^/\]*( |$)]
  ignore line: [Change Dir: /home/tristan/RUPA/build/CMakeFiles/CMakeTmp]
  ignore line: []
  ignore line: [Run Build Command:"/usr/bin/make" "cmTC_d99b8/fast"]
  ignore line: [/usr/bin/make -f CMakeFiles/cmTC_d99b8.dir/build.make CMakeFiles/cmTC_d99b8.dir/build]
  ignore line: [make[1]: Entering directory '/home/tristan/RUPA/build/CMakeFiles/CMakeTmp']
  ignore line: [Building C object CMakeFiles/cmTC_d99b8.dir/CMakeCCompilerABI.c.o]
  ignore line: [/usr/bin/cc    -o CMakeFiles/cmTC_d99b8.dir/CMakeCCompilerABI.c.o   -c /usr/share/cmake-3.8/Modules/CMakeCCompilerABI.c]
  ignore line: [Linking C executable cmTC_d99b8]
  ignore line: [/usr/bin/cmake -E cmake_link_script CMakeFiles/cmTC_d99b8.dir/link.txt --verbose=1]
  ignore line: [/usr/bin/cc     -v -rdynamic CMakeFiles/cmTC_d99b8.dir/CMakeCCompilerABI.c.o  -o cmTC_d99b8 ]
  ignore line: [Using built-in specs.]
  ignore line: [COLLECT_GCC=/usr/bin/cc]
  ignore line: [COLLECT_LTO_WRAPPER=/usr/lib/gcc/x86_64-pc-linux-gnu/7.1.1/lto-wrapper]
  ignore line: [Target: x86_64-pc-linux-gnu]
  ignore line: [Configured with: /build/gcc-multilib/src/gcc/configure --prefix=/usr --libdir=/usr/lib --libexecdir=/usr/lib --mandir=/usr/share/man --infodir=/usr/share/info --with-bugurl=https://bugs.archlinux.org/ --enable-languages=c,c++,ada,fortran,go,lto,objc,obj-c++ --enable-shared --enable-threads=posix --enable-libmpx --with-system-zlib --with-isl --enable-__cxa_atexit --disable-libunwind-exceptions --enable-clocale=gnu --disable-libstdcxx-pch --disable-libssp --enable-gnu-unique-object --enable-linker-build-id --enable-lto --enable-plugin --enable-install-libiberty --with-linker-hash-style=gnu --enable-gnu-indirect-function --enable-multilib --disable-werror --enable-checking=release --enable-default-pie --enable-default-ssp]
  ignore line: [Thread model: posix]
  ignore line: [gcc version 7.1.1 20170630 (GCC) ]
  ignore line: [COMPILER_PATH=/usr/lib/gcc/x86_64-pc-linux-gnu/7.1.1/:/usr/lib/gcc/x86_64-pc-linux-gnu/7.1.1/:/usr/lib/gcc/x86_64-pc-linux-gnu/:/usr/lib/gcc/x86_64-pc-linux-gnu/7.1.1/:/usr/lib/gcc/x86_64-pc-linux-gnu/]
  ignore line: [LIBRARY_PATH=/usr/lib/gcc/x86_64-pc-linux-gnu/7.1.1/:/usr/lib/gcc/x86_64-pc-linux-gnu/7.1.1/../../../../lib/:/lib/../lib/:/usr/lib/../lib/:/usr/lib/gcc/x86_64-pc-linux-gnu/7.1.1/../../../:/lib/:/usr/lib/]
  ignore line: [COLLECT_GCC_OPTIONS='-v' '-rdynamic' '-o' 'cmTC_d99b8' '-mtune=generic' '-march=x86-64']
  link line: [ /usr/lib/gcc/x86_64-pc-linux-gnu/7.1.1/collect2 -plugin /usr/lib/gcc/x86_64-pc-linux-gnu/7.1.1/liblto_plugin.so -plugin-opt=/usr/lib/gcc/x86_64-pc-linux-gnu/7.1.1/lto-wrapper -plugin-opt=-fresolution=/tmp/ccJL5AGI.res -plugin-opt=-pass-through=-lgcc -plugin-opt=-pass-through=-lgcc_s -plugin-opt=-pass-through=-lc -plugin-opt=-pass-through=-lgcc -plugin-opt=-pass-through=-lgcc_s --build-id --eh-frame-hdr --hash-style=gnu -m elf_x86_64 -export-dynamic -dynamic-linker /lib64/ld-linux-x86-64.so.2 -pie -o cmTC_d99b8 /usr/lib/gcc/x86_64-pc-linux-gnu/7.1.1/../../../../lib/Scrt1.o /usr/lib/gcc/x86_64-pc-linux-gnu/7.1.1/../../../../lib/crti.o /usr/lib/gcc/x86_64-pc-linux-gnu/7.1.1/crtbeginS.o -L/usr/lib/gcc/x86_64-pc-linux-gnu/7.1.1 -L/usr/lib/gcc/x86_64-pc-linux-gnu/7.1.1/../../../../lib -L/lib/../lib -L/usr/lib/../lib -L/usr/lib/gcc/x86_64-pc-linux-gnu/7.1.1/../../.. CMakeFiles/cmTC_d99b8.dir/CMakeCCompilerABI.c.o -lgcc --as-needed -lgcc_s --no-as-needed -lc -lgcc --as-needed -lgcc_s --no-as-needed /usr/lib/gcc/x86_64-pc-linux-gnu/7.1.1/crtendS.o /usr/lib/gcc/x86_64-pc-linux-gnu/7.1.1/../../../../lib/crtn.o]
    arg [/usr/lib/gcc/x86_64-pc-linux-gnu/7.1.1/collect2] ==> ignore
    arg [-plugin] ==> ignore
    arg [/usr/lib/gcc/x86_64-pc-linux-gnu/7.1.1/liblto_plugin.so] ==> ignore
    arg [-plugin-opt=/usr/lib/gcc/x86_64-pc-linux-gnu/7.1.1/lto-wrapper] ==> ignore
    arg [-plugin-opt=-fresolution=/tmp/ccJL5AGI.res] ==> ignore
    arg [-plugin-opt=-pass-through=-lgcc] ==> ignore
    arg [-plugin-opt=-pass-through=-lgcc_s] ==> ignore
    arg [-plugin-opt=-pass-through=-lc] ==> ignore
    arg [-plugin-opt=-pass-through=-lgcc] ==> ignore
    arg [-plugin-opt=-pass-through=-lgcc_s] ==> ignore
    arg [--build-id] ==> ignore
    arg [--eh-frame-hdr] ==> ignore
    arg [--hash-style=gnu] ==> ignore
    arg [-m] ==> ignore
    arg [elf_x86_64] ==> ignore
    arg [-export-dynamic] ==> ignore
    arg [-dynamic-linker] ==> ignore
    arg [/lib64/ld-linux-x86-64.so.2] ==> ignore
    arg [-pie] ==> ignore
    arg [-o] ==> ignore
    arg [cmTC_d99b8] ==> ignore
    arg [/usr/lib/gcc/x86_64-pc-linux-gnu/7.1.1/../../../../lib/Scrt1.o] ==> ignore
    arg [/usr/lib/gcc/x86_64-pc-linux-gnu/7.1.1/../../../../lib/crti.o] ==> ignore
    arg [/usr/lib/gcc/x86_64-pc-linux-gnu/7.1.1/crtbeginS.o] ==> ignore
    arg [-L/usr/lib/gcc/x86_64-pc-linux-gnu/7.1.1] ==> dir [/usr/lib/gcc/x86_64-pc-linux-gnu/7.1.1]
    arg [-L/usr/lib/gcc/x86_64-pc-linux-gnu/7.1.1/../../../../lib] ==> dir [/usr/lib/gcc/x86_64-pc-linux-gnu/7.1.1/../../../../lib]
    arg [-L/lib/../lib] ==> dir [/lib/../lib]
    arg [-L/usr/lib/../lib] ==> dir [/usr/lib/../lib]
    arg [-L/usr/lib/gcc/x86_64-pc-linux-gnu/7.1.1/../../..] ==> dir [/usr/lib/gcc/x86_64-pc-linux-gnu/7.1.1/../../..]
    arg [CMakeFiles/cmTC_d99b8.dir/CMakeCCompilerABI.c.o] ==> ignore
    arg [-lgcc] ==> lib [gcc]
    arg [--as-needed] ==> ignore
    arg [-lgcc_s] ==> lib [gcc_s]
    arg [--no-as-needed] ==> ignore
    arg [-lc] ==> lib [c]
    arg [-lgcc] ==> lib [gcc]
    arg [--as-needed] ==> ignore
    arg [-lgcc_s] ==> lib [gcc_s]
    arg [--no-as-needed] ==> ignore
    arg [/usr/lib/gcc/x86_64-pc-linux-gnu/7.1.1/crtendS.o] ==> ignore
    arg [/usr/lib/gcc/x86_64-pc-linux-gnu/7.1.1/../../../../lib/crtn.o] ==> ignore
  remove lib [gcc]
  remove lib [gcc_s]
  remove lib [gcc]
  remove lib [gcc_s]
  collapse library dir [/usr/lib/gcc/x86_64-pc-linux-gnu/7.1.1] ==> [/usr/lib/gcc/x86_64-pc-linux-gnu/7.1.1]
  collapse library dir [/usr/lib/gcc/x86_64-pc-linux-gnu/7.1.1/../../../../lib] ==> [/usr/lib]
  collapse library dir [/lib/../lib] ==> [/lib]
  collapse library dir [/usr/lib/../lib] ==> [/usr/lib]
  collapse library dir [/usr/lib/gcc/x86_64-pc-linux-gnu/7.1.1/../../..] ==> [/usr/lib]
  implicit libs: [c]
  implicit dirs: [/usr/lib/gcc/x86_64-pc-linux-gnu/7.1.1;/usr/lib;/lib]
  implicit fwks: []




Detecting C [-std=c11] compiler features compiled with the following output:
Change Dir: /home/tristan/RUPA/build/CMakeFiles/CMakeTmp

Run Build Command:"/usr/bin/make" "cmTC_c79ce/fast"
/usr/bin/make -f CMakeFiles/cmTC_c79ce.dir/build.make CMakeFiles/cmTC_c79ce.dir/build
make[1]: Entering directory '/home/tristan/RUPA/build/CMakeFiles/CMakeTmp'
Building C object CMakeFiles/cmTC_c79ce.dir/feature_tests.c.o
/usr/bin/cc   -std=c11 -o CMakeFiles/cmTC_c79ce.dir/feature_tests.c.o   -c /home/tristan/RUPA/build/CMakeFiles/feature_tests.c
Linking C executable cmTC_c79ce
/usr/bin/cmake -E cmake_link_script CMakeFiles/cmTC_c79ce.dir/link.txt --verbose=1
/usr/bin/cc      -rdynamic CMakeFiles/cmTC_c79ce.dir/feature_tests.c.o  -o cmTC_c79ce 
make[1]: Leaving directory '/home/tristan/RUPA/build/CMakeFiles/CMakeTmp'


    Feature record: C_FEATURE:1c_function_prototypes
    Feature record: C_FEATURE:1c_restrict
    Feature record: C_FEATURE:1c_static_assert
    Feature record: C_FEATURE:1c_variadic_macros


Detecting C [-std=c99] compiler features compiled with the following output:
Change Dir: /home/tristan/RUPA/build/CMakeFiles/CMakeTmp

Run Build Command:"/usr/bin/make" "cmTC_aa2dd/fast"
/usr/bin/make -f CMakeFiles/cmTC_aa2dd.dir/build.make CMakeFiles/cmTC_aa2dd.dir/build
make[1]: Entering directory '/home/tristan/RUPA/build/CMakeFiles/CMakeTmp'
Building C object CMakeFiles/cmTC_aa2dd.dir/feature_tests.c.o
/usr/bin/cc   -std=c99 -o CMakeFiles/cmTC_aa2dd.dir/feature_tests.c.o   -c /home/tristan/RUPA/build/CMakeFiles/feature_tests.c
Linking C executable cmTC_aa2dd
/usr/bin/cmake -E cmake_link_script CMakeFiles/cmTC_aa2dd.dir/link.txt --verbose=1
/usr/bin/cc      -rdynamic CMakeFiles/cmTC_aa2dd.dir/feature_tests.c.o  -o cmTC_aa2dd 
make[1]: Leaving directory '/home/tristan/RUPA/build/CMakeFiles/CMakeTmp'


    Feature record: C_FEATURE:1c_function_prototypes
    Feature record: C_FEATURE:1c_restrict
    Feature record: C_FEATURE:0c_static_assert
    Feature record: C_FEATURE:1c_variadic_macros


Detecting C [-std=c90] compiler features compiled with the following output:
Change Dir: /home/tristan/RUPA/build/CMakeFiles/CMakeTmp

Run Build Command:"/usr/bin/make" "cmTC_9d648/fast"
/usr/bin/make -f CMakeFiles/cmTC_9d648.dir/build.make CMakeFiles/cmTC_9d648.dir/build
make[1]: Entering directory '/home/tristan/RUPA/build/CMakeFiles/CMakeTmp'
Building C object CMakeFiles/cmTC_9d648.dir/feature_tests.c.o
/usr/bin/cc   -std=c90 -o CMakeFiles/cmTC_9d648.dir/feature_tests.c.o   -c /home/tristan/RUPA/build/CMakeFiles/feature_tests.c
Linking C executable cmTC_9d648
/usr/bin/cmake -E cmake_link_script CMakeFiles/cmTC_9d648.dir/link.txt --verbose=1
/usr/bin/cc      -rdynamic CMakeFiles/cmTC_9d648.dir/feature_tests.c.o  -o cmTC_9d648 
make[1]: Leaving directory '/home/tristan/RUPA/build/CMakeFiles/CMakeTmp'


    Feature record: C_FEATURE:1c_function_prototypes
    Feature record: C_FEATURE:0c_restrict
    Feature record: C_FEATURE:0c_static_assert
    Feature record: C_FEATURE:0c_variadic_macros
Determining if the CXX compiler works passed with the following output:
Change Dir: /home/tristan/RUPA/build/CMakeFiles/CMakeTmp

Run Build Command:"/usr/bin/make" "cmTC_6ec90/fast"
/usr/bin/make -f CMakeFiles/cmTC_6ec90.dir/build.make CMakeFiles/cmTC_6ec90.dir/build
make[1]: Entering directory '/home/tristan/RUPA/build/CMakeFiles/CMakeTmp'
Building CXX object CMakeFiles/cmTC_6ec90.dir/testCXXCompiler.cxx.o
/usr/bin/c++     -o CMakeFiles/cmTC_6ec90.dir/testCXXCompiler.cxx.o -c /home/tristan/RUPA/build/CMakeFiles/CMakeTmp/testCXXCompiler.cxx
Linking CXX executable cmTC_6ec90
/usr/bin/cmake -E cmake_link_script CMakeFiles/cmTC_6ec90.dir/link.txt --verbose=1
/usr/bin/c++       -rdynamic CMakeFiles/cmTC_6ec90.dir/testCXXCompiler.cxx.o  -o cmTC_6ec90 
make[1]: Leaving directory '/home/tristan/RUPA/build/CMakeFiles/CMakeTmp'


Detecting CXX compiler ABI info compiled with the following output:
Change Dir: /home/tristan/RUPA/build/CMakeFiles/CMakeTmp

Run Build Command:"/usr/bin/make" "cmTC_1904f/fast"
/usr/bin/make -f CMakeFiles/cmTC_1904f.dir/build.make CMakeFiles/cmTC_1904f.dir/build
make[1]: Entering directory '/home/tristan/RUPA/build/CMakeFiles/CMakeTmp'
Building CXX object CMakeFiles/cmTC_1904f.dir/CMakeCXXCompilerABI.cpp.o
/usr/bin/c++     -o CMakeFiles/cmTC_1904f.dir/CMakeCXXCompilerABI.cpp.o -c /usr/share/cmake-3.8/Modules/CMakeCXXCompilerABI.cpp
Linking CXX executable cmTC_1904f
/usr/bin/cmake -E cmake_link_script CMakeFiles/cmTC_1904f.dir/link.txt --verbose=1
/usr/bin/c++      -v -rdynamic CMakeFiles/cmTC_1904f.dir/CMakeCXXCompilerABI.cpp.o  -o cmTC_1904f 
Using built-in specs.
COLLECT_GCC=/usr/bin/c++
COLLECT_LTO_WRAPPER=/usr/lib/gcc/x86_64-pc-linux-gnu/7.1.1/lto-wrapper
Target: x86_64-pc-linux-gnu
Configured with: /build/gcc-multilib/src/gcc/configure --prefix=/usr --libdir=/usr/lib --libexecdir=/usr/lib --mandir=/usr/share/man --infodir=/usr/share/info --with-bugurl=https://bugs.archlinux.org/ --enable-languages=c,c++,ada,fortran,go,lto,objc,obj-c++ --enable-shared --enable-threads=posix --enable-libmpx --with-system-zlib --with-isl --enable-__cxa_atexit --disable-libunwind-exceptions --enable-clocale=gnu --disable-libstdcxx-pch --disable-libssp --enable-gnu-unique-object --enable-linker-build-id --enable-lto --enable-plugin --enable-install-libiberty --with-linker-hash-style=gnu --enable-gnu-indirect-function --enable-multilib --disable-werror --enable-checking=release --enable-default-pie --enable-default-ssp
Thread model: posix
gcc version 7.1.1 20170630 (GCC) 
COMPILER_PATH=/usr/lib/gcc/x86_64-pc-linux-gnu/7.1.1/:/usr/lib/gcc/x86_64-pc-linux-gnu/7.1.1/:/usr/lib/gcc/x86_64-pc-linux-gnu/:/usr/lib/gcc/x86_64-pc-linux-gnu/7.1.1/:/usr/lib/gcc/x86_64-pc-linux-gnu/
LIBRARY_PATH=/usr/lib/gcc/x86_64-pc-linux-gnu/7.1.1/:/usr/lib/gcc/x86_64-pc-linux-gnu/7.1.1/../../../../lib/:/lib/../lib/:/usr/lib/../lib/:/usr/lib/gcc/x86_64-pc-linux-gnu/7.1.1/../../../:/lib/:/usr/lib/
COLLECT_GCC_OPTIONS='-v' '-rdynamic' '-o' 'cmTC_1904f' '-shared-libgcc' '-mtune=generic' '-march=x86-64'
 /usr/lib/gcc/x86_64-pc-linux-gnu/7.1.1/collect2 -plugin /usr/lib/gcc/x86_64-pc-linux-gnu/7.1.1/liblto_plugin.so -plugin-opt=/usr/lib/gcc/x86_64-pc-linux-gnu/7.1.1/lto-wrapper -plugin-opt=-fresolution=/tmp/ccE8J9yl.res -plugin-opt=-pass-through=-lgcc_s -plugin-opt=-pass-through=-lgcc -plugin-opt=-pass-through=-lc -plugin-opt=-pass-through=-lgcc_s -plugin-opt=-pass-through=-lgcc --build-id --eh-frame-hdr --hash-style=gnu -m elf_x86_64 -export-dynamic -dynamic-linker /lib64/ld-linux-x86-64.so.2 -pie -o cmTC_1904f /usr/lib/gcc/x86_64-pc-linux-gnu/7.1.1/../../../../lib/Scrt1.o /usr/lib/gcc/x86_64-pc-linux-gnu/7.1.1/../../../../lib/crti.o /usr/lib/gcc/x86_64-pc-linux-gnu/7.1.1/crtbeginS.o -L/usr/lib/gcc/x86_64-pc-linux-gnu/7.1.1 -L/usr/lib/gcc/x86_64-pc-linux-gnu/7.1.1/../../../../lib -L/lib/../lib -L/usr/lib/../lib -L/usr/lib/gcc/x86_64-pc-linux-gnu/7.1.1/../../.. CMakeFiles/cmTC_1904f.dir/CMakeCXXCompilerABI.cpp.o -lstdc++ -lm -lgcc_s -lgcc -lc -lgcc_s -lgcc /usr/lib/gcc/x86_64-pc-linux-gnu/7.1.1/crtendS.o /usr/lib/gcc/x86_64-pc-linux-gnu/7.1.1/../../../../lib/crtn.o
COLLECT_GCC_OPTIONS='-v' '-rdynamic' '-o' 'cmTC_1904f' '-shared-libgcc' '-mtune=generic' '-march=x86-64'
make[1]: Leaving directory '/home/tristan/RUPA/build/CMakeFiles/CMakeTmp'


Parsed CXX implicit link information from above output:
  link line regex: [^( *|.*[/\])(ld|([^/\]+-)?ld|collect2)[^/\]*( |$)]
  ignore line: [Change Dir: /home/tristan/RUPA/build/CMakeFiles/CMakeTmp]
  ignore line: []
  ignore line: [Run Build Command:"/usr/bin/make" "cmTC_1904f/fast"]
  ignore line: [/usr/bin/make -f CMakeFiles/cmTC_1904f.dir/build.make CMakeFiles/cmTC_1904f.dir/build]
  ignore line: [make[1]: Entering directory '/home/tristan/RUPA/build/CMakeFiles/CMakeTmp']
  ignore line: [Building CXX object CMakeFiles/cmTC_1904f.dir/CMakeCXXCompilerABI.cpp.o]
  ignore line: [/usr/bin/c++     -o CMakeFiles/cmTC_1904f.dir/CMakeCXXCompilerABI.cpp.o -c /usr/share/cmake-3.8/Modules/CMakeCXXCompilerABI.cpp]
  ignore line: [Linking CXX executable cmTC_1904f]
  ignore line: [/usr/bin/cmake -E cmake_link_script CMakeFiles/cmTC_1904f.dir/link.txt --verbose=1]
  ignore line: [/usr/bin/c++      -v -rdynamic CMakeFiles/cmTC_1904f.dir/CMakeCXXCompilerABI.cpp.o  -o cmTC_1904f ]
  ignore line: [Using built-in specs.]
  ignore line: [COLLECT_GCC=/usr/bin/c++]
  ignore line: [COLLECT_LTO_WRAPPER=/usr/lib/gcc/x86_64-pc-linux-gnu/7.1.1/lto-wrapper]
  ignore line: [Target: x86_64-pc-linux-gnu]
  ignore line: [Configured with: /build/gcc-multilib/src/gcc/configure --prefix=/usr --libdir=/usr/lib --libexecdir=/usr/lib --mandir=/usr/share/man --infodir=/usr/share/info --with-bugurl=https://bugs.archlinux.org/ --enable-languages=c,c++,ada,fortran,go,lto,objc,obj-c++ --enable-shared --enable-threads=posix --enable-libmpx --with-system-zlib --with-isl --enable-__cxa_atexit --disable-libunwind-exceptions --enable-clocale=gnu --disable-libstdcxx-pch --disable-libssp --enable-gnu-unique-object --enable-linker-build-id --enable-lto --enable-plugin --enable-install-libiberty --with-linker-hash-style=gnu --enable-gnu-indirect-function --enable-multilib --disable-werror --enable-checking=release --enable-default-pie --enable-default-ssp]
  ignore line: [Thread model: posix]
  ignore line: [gcc version 7.1.1 20170630 (GCC) ]
  ignore line: [COMPILER_PATH=/usr/lib/gcc/x86_64-pc-linux-gnu/7.1.1/:/usr/lib/gcc/x86_64-pc-linux-gnu/7.1.1/:/usr/lib/gcc/x86_64-pc-linux-gnu/:/usr/lib/gcc/x86_64-pc-linux-gnu/7.1.1/:/usr/lib/gcc/x86_64-pc-linux-gnu/]
  ignore line: [LIBRARY_PATH=/usr/lib/gcc/x86_64-pc-linux-gnu/7.1.1/:/usr/lib/gcc/x86_64-pc-linux-gnu/7.1.1/../../../../lib/:/lib/../lib/:/usr/lib/../lib/:/usr/lib/gcc/x86_64-pc-linux-gnu/7.1.1/../../../:/lib/:/usr/lib/]
  ignore line: [COLLECT_GCC_OPTIONS='-v' '-rdynamic' '-o' 'cmTC_1904f' '-shared-libgcc' '-mtune=generic' '-march=x86-64']
  link line: [ /usr/lib/gcc/x86_64-pc-linux-gnu/7.1.1/collect2 -plugin /usr/lib/gcc/x86_64-pc-linux-gnu/7.1.1/liblto_plugin.so -plugin-opt=/usr/lib/gcc/x86_64-pc-linux-gnu/7.1.1/lto-wrapper -plugin-opt=-fresolution=/tmp/ccE8J9yl.res -plugin-opt=-pass-through=-lgcc_s -plugin-opt=-pass-through=-lgcc -plugin-opt=-pass-through=-lc -plugin-opt=-pass-through=-lgcc_s -plugin-opt=-pass-through=-lgcc --build-id --eh-frame-hdr --hash-style=gnu -m elf_x86_64 -export-dynamic -dynamic-linker /lib64/ld-linux-x86-64.so.2 -pie -o cmTC_1904f /usr/lib/gcc/x86_64-pc-linux-gnu/7.1.1/../../../../lib/Scrt1.o /usr/lib/gcc/x86_64-pc-linux-gnu/7.1.1/../../../../lib/crti.o /usr/lib/gcc/x86_64-pc-linux-gnu/7.1.1/crtbeginS.o -L/usr/lib/gcc/x86_64-pc-linux-gnu/7.1.1 -L/usr/lib/gcc/x86_64-pc-linux-gnu/7.1.1/../../../../lib -L/lib/../lib -L/usr/lib/../lib -L/usr/lib/gcc/x86_64-pc-linux-gnu/7.1.1/../../.. CMakeFiles/cmTC_1904f.dir/CMakeCXXCompilerABI.cpp.o -lstdc++ -lm -lgcc_s -lgcc -lc -lgcc_s -lgcc /usr/lib/gcc/x86_64-pc-linux-gnu/7.1.1/crtendS.o /usr/lib/gcc/x86_64-pc-linux-gnu/7.1.1/../../../../lib/crtn.o]
    arg [/usr/lib/gcc/x86_64-pc-linux-gnu/7.1.1/collect2] ==> ignore
    arg [-plugin] ==> ignore
    arg [/usr/lib/gcc/x86_64-pc-linux-gnu/7.1.1/liblto_plugin.so] ==> ignore
    arg [-plugin-opt=/usr/lib/gcc/x86_64-pc-linux-gnu/7.1.1/lto-wrapper] ==> ignore
    arg [-plugin-opt=-fresolution=/tmp/ccE8J9yl.res] ==> ignore
    arg [-plugin-opt=-pass-through=-lgcc_s] ==> ignore
    arg [-plugin-opt=-pass-through=-lgcc] ==> ignore
    arg [-plugin-opt=-pass-through=-lc] ==> ignore
    arg [-plugin-opt=-pass-through=-lgcc_s] ==> ignore
    arg [-plugin-opt=-pass-through=-lgcc] ==> ignore
    arg [--build-id] ==> ignore
    arg [--eh-frame-hdr] ==> ignore
    arg [--hash-style=gnu] ==> ignore
    arg [-m] ==> ignore
    arg [elf_x86_64] ==> ignore
    arg [-export-dynamic] ==> ignore
    arg [-dynamic-linker] ==> ignore
    arg [/lib64/ld-linux-x86-64.so.2] ==> ignore
    arg [-pie] ==> ignore
    arg [-o] ==> ignore
    arg [cmTC_1904f] ==> ignore
    arg [/usr/lib/gcc/x86_64-pc-linux-gnu/7.1.1/../../../../lib/Scrt1.o] ==> ignore
    arg [/usr/lib/gcc/x86_64-pc-linux-gnu/7.1.1/../../../../lib/crti.o] ==> ignore
    arg [/usr/lib/gcc/x86_64-pc-linux-gnu/7.1.1/crtbeginS.o] ==> ignore
    arg [-L/usr/lib/gcc/x86_64-pc-linux-gnu/7.1.1] ==> dir [/usr/lib/gcc/x86_64-pc-linux-gnu/7.1.1]
    arg [-L/usr/lib/gcc/x86_64-pc-linux-gnu/7.1.1/../../../../lib] ==> dir [/usr/lib/gcc/x86_64-pc-linux-gnu/7.1.1/../../../../lib]
    arg [-L/lib/../lib] ==> dir [/lib/../lib]
    arg [-L/usr/lib/../lib] ==> dir [/usr/lib/../lib]
    arg [-L/usr/lib/gcc/x86_64-pc-linux-gnu/7.1.1/../../..] ==> dir [/usr/lib/gcc/x86_64-pc-linux-gnu/7.1.1/../../..]
    arg [CMakeFiles/cmTC_1904f.dir/CMakeCXXCompilerABI.cpp.o] ==> ignore
    arg [-lstdc++] ==> lib [stdc++]
    arg [-lm] ==> lib [m]
    arg [-lgcc_s] ==> lib [gcc_s]
    arg [-lgcc] ==> lib [gcc]
    arg [-lc] ==> lib [c]
    arg [-lgcc_s] ==> lib [gcc_s]
    arg [-lgcc] ==> lib [gcc]
    arg [/usr/lib/gcc/x86_64-pc-linux-gnu/7.1.1/crtendS.o] ==> ignore
    arg [/usr/lib/gcc/x86_64-pc-linux-gnu/7.1.1/../../../../lib/crtn.o] ==> ignore
  remove lib [gcc_s]
  remove lib [gcc]
  remove lib [gcc_s]
  remove lib [gcc]
  collapse library dir [/usr/lib/gcc/x86_64-pc-linux-gnu/7.1.1] ==> [/usr/lib/gcc/x86_64-pc-linux-gnu/7.1.1]
  collapse library dir [/usr/lib/gcc/x86_64-pc-linux-gnu/7.1.1/../../../../lib] ==> [/usr/lib]
  collapse library dir [/lib/../lib] ==> [/lib]
  collapse library dir [/usr/lib/../lib] ==> [/usr/lib]
  collapse library dir [/usr/lib/gcc/x86_64-pc-linux-gnu/7.1.1/../../..] ==> [/usr/lib]
  implicit libs: [stdc++;m;c]
  implicit dirs: [/usr/lib/gcc/x86_64-pc-linux-gnu/7.1.1;/usr/lib;/lib]
  implicit fwks: []




Detecting CXX [-std=c++1z] compiler features compiled with the following output:
Change Dir: /home/tristan/RUPA/build/CMakeFiles/CMakeTmp

Run Build Command:"/usr/bin/make" "cmTC_af8da/fast"
/usr/bin/make -f CMakeFiles/cmTC_af8da.dir/build.make CMakeFiles/cmTC_af8da.dir/build
make[1]: Entering directory '/home/tristan/RUPA/build/CMakeFiles/CMakeTmp'
Building CXX object CMakeFiles/cmTC_af8da.dir/feature_tests.cxx.o
/usr/bin/c++    -std=c++1z -o CMakeFiles/cmTC_af8da.dir/feature_tests.cxx.o -c /home/tristan/RUPA/build/CMakeFiles/feature_tests.cxx
Linking CXX executable cmTC_af8da
/usr/bin/cmake -E cmake_link_script CMakeFiles/cmTC_af8da.dir/link.txt --verbose=1
/usr/bin/c++       -rdynamic CMakeFiles/cmTC_af8da.dir/feature_tests.cxx.o  -o cmTC_af8da 
make[1]: Leaving directory '/home/tristan/RUPA/build/CMakeFiles/CMakeTmp'


    Feature record: CXX_FEATURE:1cxx_aggregate_default_initializers
    Feature record: CXX_FEATURE:1cxx_alias_templates
    Feature record: CXX_FEATURE:1cxx_alignas
    Feature record: CXX_FEATURE:1cxx_alignof
    Feature record: CXX_FEATURE:1cxx_attributes
    Feature record: CXX_FEATURE:1cxx_attribute_deprecated
    Feature record: CXX_FEATURE:1cxx_auto_type
    Feature record: CXX_FEATURE:1cxx_binary_literals
    Feature record: CXX_FEATURE:1cxx_constexpr
    Feature record: CXX_FEATURE:1cxx_contextual_conversions
    Feature record: CXX_FEATURE:1cxx_decltype
    Feature record: CXX_FEATURE:1cxx_decltype_auto
    Feature record: CXX_FEATURE:1cxx_decltype_incomplete_return_types
    Feature record: CXX_FEATURE:1cxx_default_function_template_args
    Feature record: CXX_FEATURE:1cxx_defaulted_functions
    Feature record: CXX_FEATURE:1cxx_defaulted_move_initializers
    Feature record: CXX_FEATURE:1cxx_delegating_constructors
    Feature record: CXX_FEATURE:1cxx_deleted_functions
    Feature record: CXX_FEATURE:1cxx_digit_separators
    Feature record: CXX_FEATURE:1cxx_enum_forward_declarations
    Feature record: CXX_FEATURE:1cxx_explicit_conversions
    Feature record: CXX_FEATURE:1cxx_extended_friend_declarations
    Feature record: CXX_FEATURE:1cxx_extern_templates
    Feature record: CXX_FEATURE:1cxx_final
    Feature record: CXX_FEATURE:1cxx_func_identifier
    Feature record: CXX_FEATURE:1cxx_generalized_initializers
    Feature record: CXX_FEATURE:1cxx_generic_lambdas
    Feature record: CXX_FEATURE:1cxx_inheriting_constructors
    Feature record: CXX_FEATURE:1cxx_inline_namespaces
    Feature record: CXX_FEATURE:1cxx_lambdas
    Feature record: CXX_FEATURE:1cxx_lambda_init_captures
    Feature record: CXX_FEATURE:1cxx_local_type_template_args
    Feature record: CXX_FEATURE:1cxx_long_long_type
    Feature record: CXX_FEATURE:1cxx_noexcept
    Feature record: CXX_FEATURE:1cxx_nonstatic_member_init
    Feature record: CXX_FEATURE:1cxx_nullptr
    Feature record: CXX_FEATURE:1cxx_override
    Feature record: CXX_FEATURE:1cxx_range_for
    Feature record: CXX_FEATURE:1cxx_raw_string_literals
    Feature record: CXX_FEATURE:1cxx_reference_qualified_functions
    Feature record: CXX_FEATURE:1cxx_relaxed_constexpr
    Feature record: CXX_FEATURE:1cxx_return_type_deduction
    Feature record: CXX_FEATURE:1cxx_right_angle_brackets
    Feature record: CXX_FEATURE:1cxx_rvalue_references
    Feature record: CXX_FEATURE:1cxx_sizeof_member
    Feature record: CXX_FEATURE:1cxx_static_assert
    Feature record: CXX_FEATURE:1cxx_strong_enums
    Feature record: CXX_FEATURE:1cxx_template_template_parameters
    Feature record: CXX_FEATURE:1cxx_thread_local
    Feature record: CXX_FEATURE:1cxx_trailing_return_types
    Feature record: CXX_FEATURE:1cxx_unicode_literals
    Feature record: CXX_FEATURE:1cxx_uniform_initialization
    Feature record: CXX_FEATURE:1cxx_unrestricted_unions
    Feature record: CXX_FEATURE:1cxx_user_literals
    Feature record: CXX_FEATURE:1cxx_variable_templates
    Feature record: CXX_FEATURE:1cxx_variadic_macros
    Feature record: CXX_FEATURE:1cxx_variadic_templates


Detecting CXX [-std=c++14] compiler features compiled with the following output:
Change Dir: /home/tristan/RUPA/build/CMakeFiles/CMakeTmp

Run Build Command:"/usr/bin/make" "cmTC_cdc32/fast"
/usr/bin/make -f CMakeFiles/cmTC_cdc32.dir/build.make CMakeFiles/cmTC_cdc32.dir/build
make[1]: Entering directory '/home/tristan/RUPA/build/CMakeFiles/CMakeTmp'
Building CXX object CMakeFiles/cmTC_cdc32.dir/feature_tests.cxx.o
/usr/bin/c++    -std=c++14 -o CMakeFiles/cmTC_cdc32.dir/feature_tests.cxx.o -c /home/tristan/RUPA/build/CMakeFiles/feature_tests.cxx
Linking CXX executable cmTC_cdc32
/usr/bin/cmake -E cmake_link_script CMakeFiles/cmTC_cdc32.dir/link.txt --verbose=1
/usr/bin/c++       -rdynamic CMakeFiles/cmTC_cdc32.dir/feature_tests.cxx.o  -o cmTC_cdc32 
make[1]: Leaving directory '/home/tristan/RUPA/build/CMakeFiles/CMakeTmp'


    Feature record: CXX_FEATURE:1cxx_aggregate_default_initializers
    Feature record: CXX_FEATURE:1cxx_alias_templates
    Feature record: CXX_FEATURE:1cxx_alignas
    Feature record: CXX_FEATURE:1cxx_alignof
    Feature record: CXX_FEATURE:1cxx_attributes
    Feature record: CXX_FEATURE:1cxx_attribute_deprecated
    Feature record: CXX_FEATURE:1cxx_auto_type
    Feature record: CXX_FEATURE:1cxx_binary_literals
    Feature record: CXX_FEATURE:1cxx_constexpr
    Feature record: CXX_FEATURE:1cxx_contextual_conversions
    Feature record: CXX_FEATURE:1cxx_decltype
    Feature record: CXX_FEATURE:1cxx_decltype_auto
    Feature record: CXX_FEATURE:1cxx_decltype_incomplete_return_types
    Feature record: CXX_FEATURE:1cxx_default_function_template_args
    Feature record: CXX_FEATURE:1cxx_defaulted_functions
    Feature record: CXX_FEATURE:1cxx_defaulted_move_initializers
    Feature record: CXX_FEATURE:1cxx_delegating_constructors
    Feature record: CXX_FEATURE:1cxx_deleted_functions
    Feature record: CXX_FEATURE:1cxx_digit_separators
    Feature record: CXX_FEATURE:1cxx_enum_forward_declarations
    Feature record: CXX_FEATURE:1cxx_explicit_conversions
    Feature record: CXX_FEATURE:1cxx_extended_friend_declarations
    Feature record: CXX_FEATURE:1cxx_extern_templates
    Feature record: CXX_FEATURE:1cxx_final
    Feature record: CXX_FEATURE:1cxx_func_identifier
    Feature record: CXX_FEATURE:1cxx_generalized_initializers
    Feature record: CXX_FEATURE:1cxx_generic_lambdas
    Feature record: CXX_FEATURE:1cxx_inheriting_constructors
    Feature record: CXX_FEATURE:1cxx_inline_namespaces
    Feature record: CXX_FEATURE:1cxx_lambdas
    Feature record: CXX_FEATURE:1cxx_lambda_init_captures
    Feature record: CXX_FEATURE:1cxx_local_type_template_args
    Feature record: CXX_FEATURE:1cxx_long_long_type
    Feature record: CXX_FEATURE:1cxx_noexcept
    Feature record: CXX_FEATURE:1cxx_nonstatic_member_init
    Feature record: CXX_FEATURE:1cxx_nullptr
    Feature record: CXX_FEATURE:1cxx_override
    Feature record: CXX_FEATURE:1cxx_range_for
    Feature record: CXX_FEATURE:1cxx_raw_string_literals
    Feature record: CXX_FEATURE:1cxx_reference_qualified_functions
    Feature record: CXX_FEATURE:1cxx_relaxed_constexpr
    Feature record: CXX_FEATURE:1cxx_return_type_deduction
    Feature record: CXX_FEATURE:1cxx_right_angle_brackets
    Feature record: CXX_FEATURE:1cxx_rvalue_references
    Feature record: CXX_FEATURE:1cxx_sizeof_member
    Feature record: CXX_FEATURE:1cxx_static_assert
    Feature record: CXX_FEATURE:1cxx_strong_enums
    Feature record: CXX_FEATURE:1cxx_template_template_parameters
    Feature record: CXX_FEATURE:1cxx_thread_local
    Feature record: CXX_FEATURE:1cxx_trailing_return_types
    Feature record: CXX_FEATURE:1cxx_unicode_literals
    Feature record: CXX_FEATURE:1cxx_uniform_initialization
    Feature record: CXX_FEATURE:1cxx_unrestricted_unions
    Feature record: CXX_FEATURE:1cxx_user_literals
    Feature record: CXX_FEATURE:1cxx_variable_templates
    Feature record: CXX_FEATURE:1cxx_variadic_macros
    Feature record: CXX_FEATURE:1cxx_variadic_templates


Detecting CXX [-std=c++11] compiler features compiled with the following output:
Change Dir: /home/tristan/RUPA/build/CMakeFiles/CMakeTmp

Run Build Command:"/usr/bin/make" "cmTC_68fd5/fast"
/usr/bin/make -f CMakeFiles/cmTC_68fd5.dir/build.make CMakeFiles/cmTC_68fd5.dir/build
make[1]: Entering directory '/home/tristan/RUPA/build/CMakeFiles/CMakeTmp'
Building CXX object CMakeFiles/cmTC_68fd5.dir/feature_tests.cxx.o
/usr/bin/c++    -std=c++11 -o CMakeFiles/cmTC_68fd5.dir/feature_tests.cxx.o -c /home/tristan/RUPA/build/CMakeFiles/feature_tests.cxx
Linking CXX executable cmTC_68fd5
/usr/bin/cmake -E cmake_link_script CMakeFiles/cmTC_68fd5.dir/link.txt --verbose=1
/usr/bin/c++       -rdynamic CMakeFiles/cmTC_68fd5.dir/feature_tests.cxx.o  -o cmTC_68fd5 
make[1]: Leaving directory '/home/tristan/RUPA/build/CMakeFiles/CMakeTmp'


    Feature record: CXX_FEATURE:0cxx_aggregate_default_initializers
    Feature record: CXX_FEATURE:1cxx_alias_templates
    Feature record: CXX_FEATURE:1cxx_alignas
    Feature record: CXX_FEATURE:1cxx_alignof
    Feature record: CXX_FEATURE:1cxx_attributes
    Feature record: CXX_FEATURE:0cxx_attribute_deprecated
    Feature record: CXX_FEATURE:1cxx_auto_type
    Feature record: CXX_FEATURE:0cxx_binary_literals
    Feature record: CXX_FEATURE:1cxx_constexpr
    Feature record: CXX_FEATURE:0cxx_contextual_conversions
    Feature record: CXX_FEATURE:1cxx_decltype
    Feature record: CXX_FEATURE:0cxx_decltype_auto
    Feature record: CXX_FEATURE:1cxx_decltype_incomplete_return_types
    Feature record: CXX_FEATURE:1cxx_default_function_template_args
    Feature record: CXX_FEATURE:1cxx_defaulted_functions
    Feature record: CXX_FEATURE:1cxx_defaulted_move_initializers
    Feature record: CXX_FEATURE:1cxx_delegating_constructors
    Feature record: CXX_FEATURE:1cxx_deleted_functions
    Feature record: CXX_FEATURE:0cxx_digit_separators
    Feature record: CXX_FEATURE:1cxx_enum_forward_declarations
    Feature record: CXX_FEATURE:1cxx_explicit_conversions
    Feature record: CXX_FEATURE:1cxx_extended_friend_declarations
    Feature record: CXX_FEATURE:1cxx_extern_templates
    Feature record: CXX_FEATURE:1cxx_final
    Feature record: CXX_FEATURE:1cxx_func_identifier
    Feature record: CXX_FEATURE:1cxx_generalized_initializers
    Feature record: CXX_FEATURE:0cxx_generic_lambdas
    Feature record: CXX_FEATURE:1cxx_inheriting_constructors
    Feature record: CXX_FEATURE:1cxx_inline_namespaces
    Feature record: CXX_FEATURE:1cxx_lambdas
    Feature record: CXX_FEATURE:0cxx_lambda_init_captures
    Feature record: CXX_FEATURE:1cxx_local_type_template_args
    Feature record: CXX_FEATURE:1cxx_long_long_type
    Feature record: CXX_FEATURE:1cxx_noexcept
    Feature record: CXX_FEATURE:1cxx_nonstatic_member_init
    Feature record: CXX_FEATURE:1cxx_nullptr
    Feature record: CXX_FEATURE:1cxx_override
    Feature record: CXX_FEATURE:1cxx_range_for
    Feature record: CXX_FEATURE:1cxx_raw_string_literals
    Feature record: CXX_FEATURE:1cxx_reference_qualified_functions
    Feature record: CXX_FEATURE:0cxx_relaxed_constexpr
    Feature record: CXX_FEATURE:0cxx_return_type_deduction
    Feature record: CXX_FEATURE:1cxx_right_angle_brackets
    Feature record: CXX_FEATURE:1cxx_rvalue_references
    Feature record: CXX_FEATURE:1cxx_sizeof_member
    Feature record: CXX_FEATURE:1cxx_static_assert
    Feature record: CXX_FEATURE:1cxx_strong_enums
    Feature record: CXX_FEATURE:1cxx_template_template_parameters
    Feature record: CXX_FEATURE:1cxx_thread_local
    Feature record: CXX_FEATURE:1cxx_trailing_return_types
    Feature record: CXX_FEATURE:1cxx_unicode_literals
    Feature record: CXX_FEATURE:1cxx_uniform_initialization
    Feature record: CXX_FEATURE:1cxx_unrestricted_unions
    Feature record: CXX_FEATURE:1cxx_user_literals
    Feature record: CXX_FEATURE:0cxx_variable_templates
    Feature record: CXX_FEATURE:1cxx_variadic_macros
    Feature record: CXX_FEATURE:1cxx_variadic_templates


Detecting CXX [-std=c++98] compiler features compiled with the following output:
Change Dir: /home/tristan/RUPA/build/CMakeFiles/CMakeTmp

Run Build Command:"/usr/bin/make" "cmTC_21d65/fast"
/usr/bin/make -f CMakeFiles/cmTC_21d65.dir/build.make CMakeFiles/cmTC_21d65.dir/build
make[1]: Entering directory '/home/tristan/RUPA/build/CMakeFiles/CMakeTmp'
Building CXX object CMakeFiles/cmTC_21d65.dir/feature_tests.cxx.o
/usr/bin/c++    -std=c++98 -o CMakeFiles/cmTC_21d65.dir/feature_tests.cxx.o -c /home/tristan/RUPA/build/CMakeFiles/feature_tests.cxx
Linking CXX executable cmTC_21d65
/usr/bin/cmake -E cmake_link_script CMakeFiles/cmTC_21d65.dir/link.txt --verbose=1
/usr/bin/c++       -rdynamic CMakeFiles/cmTC_21d65.dir/feature_tests.cxx.o  -o cmTC_21d65 
make[1]: Leaving directory '/home/tristan/RUPA/build/CMakeFiles/CMakeTmp'


    Feature record: CXX_FEATURE:0cxx_aggregate_default_initializers
    Feature record: CXX_FEATURE:0cxx_alias_templates
    Feature record: CXX_FEATURE:0cxx_alignas
    Feature record: CXX_FEATURE:0cxx_alignof
    Feature record: CXX_FEATURE:0cxx_attributes
    Feature record: CXX_FEATURE:0cxx_attribute_deprecated
    Feature record: CXX_FEATURE:0cxx_auto_type
    Feature record: CXX_FEATURE:0cxx_binary_literals
    Feature record: CXX_FEATURE:0cxx_constexpr
    Feature record: CXX_FEATURE:0cxx_contextual_conversions
    Feature record: CXX_FEATURE:0cxx_decltype
    Feature record: CXX_FEATURE:0cxx_decltype_auto
    Feature record: CXX_FEATURE:0cxx_decltype_incomplete_return_types
    Feature record: CXX_FEATURE:0cxx_default_function_template_args
    Feature record: CXX_FEATURE:0cxx_defaulted_functions
    Feature record: CXX_FEATURE:0cxx_defaulted_move_initializers
    Feature record: CXX_FEATURE:0cxx_delegating_constructors
    Feature record: CXX_FEATURE:0cxx_deleted_functions
    Feature record: CXX_FEATURE:0cxx_digit_separators
    Feature record: CXX_FEATURE:0cxx_enum_forward_declarations
    Feature record: CXX_FEATURE:0cxx_explicit_conversions
    Feature record: CXX_FEATURE:0cxx_extended_friend_declarations
    Feature record: CXX_FEATURE:0cxx_extern_templates
    Feature record: CXX_FEATURE:0cxx_final
    Feature record: CXX_FEATURE:0cxx_func_identifier
    Feature record: CXX_FEATURE:0cxx_generalized_initializers
    Feature record: CXX_FEATURE:0cxx_generic_lambdas
    Feature record: CXX_FEATURE:0cxx_inheriting_constructors
    Feature record: CXX_FEATURE:0cxx_inline_namespaces
    Feature record: CXX_FEATURE:0cxx_lambdas
    Feature record: CXX_FEATURE:0cxx_lambda_init_captures
    Feature record: CXX_FEATURE:0cxx_local_type_template_args
    Feature record: CXX_FEATURE:0cxx_long_long_type
    Feature record: CXX_FEATURE:0cxx_noexcept
    Feature record: CXX_FEATURE:0cxx_nonstatic_member_init
    Feature record: CXX_FEATURE:0cxx_nullptr
    Feature record: CXX_FEATURE:0cxx_override
    Feature record: CXX_FEATURE:0cxx_range_for
    Feature record: CXX_FEATURE:0cxx_raw_string_literals
    Feature record: CXX_FEATURE:0cxx_reference_qualified_functions
    Feature record: CXX_FEATURE:0cxx_relaxed_constexpr
    Feature record: CXX_FEATURE:0cxx_return_type_deduction
    Feature record: CXX_FEATURE:0cxx_right_angle_brackets
    Feature record: CXX_FEATURE:0cxx_rvalue_references
    Feature record: CXX_FEATURE:0cxx_sizeof_member
    Feature record: CXX_FEATURE:0cxx_static_assert
    Feature record: CXX_FEATURE:0cxx_strong_enums
    Feature record: CXX_FEATURE:1cxx_template_template_parameters
    Feature record: CXX_FEATURE:0cxx_thread_local
    Feature record: CXX_FEATURE:0cxx_trailing_return_types
    Feature record: CXX_FEATURE:0cxx_unicode_literals
    Feature record: CXX_FEATURE:0cxx_uniform_initialization
    Feature record: CXX_FEATURE:0cxx_unrestricted_unions
    Feature record: CXX_FEATURE:0cxx_user_literals
    Feature record: CXX_FEATURE:0cxx_variable_templates
    Feature record: CXX_FEATURE:0cxx_variadic_macros
    Feature record: CXX_FEATURE:0cxx_variadic_templates
Determining if the BZ2_bzCompressInit exist passed with the following output:
Change Dir: /home/tristan/RUPA/build/CMakeFiles/CMakeTmp

Run Build Command:"/usr/bin/make" "cmTC_0b332/fast"
/usr/bin/make -f CMakeFiles/cmTC_0b332.dir/build.make CMakeFiles/cmTC_0b332.dir/build
make[1]: Entering directory '/home/tristan/RUPA/build/CMakeFiles/CMakeTmp'
Building C object CMakeFiles/cmTC_0b332.dir/CheckSymbolExists.c.o
/usr/bin/cc    -o CMakeFiles/cmTC_0b332.dir/CheckSymbolExists.c.o   -c /home/tristan/RUPA/build/CMakeFiles/CMakeTmp/CheckSymbolExists.c
Linking C executable cmTC_0b332
/usr/bin/cmake -E cmake_link_script CMakeFiles/cmTC_0b332.dir/link.txt --verbose=1
/usr/bin/cc      -rdynamic CMakeFiles/cmTC_0b332.dir/CheckSymbolExists.c.o  -o cmTC_0b332 /usr/lib/libbz2.so 
make[1]: Leaving directory '/home/tristan/RUPA/build/CMakeFiles/CMakeTmp'

File /home/tristan/RUPA/build/CMakeFiles/CMakeTmp/CheckSymbolExists.c:
/* */
#include <bzlib.h>

int main(int argc, char** argv)
{
  (void)argv;
#ifndef BZ2_bzCompressInit
  return ((int*)(&BZ2_bzCompressInit))[argc];
#else
  (void)argc;
  return 0;
#endif
}

